<?xml version="1.0" encoding="UTF-8"?>
<testng-results skipped="0" failed="1" total="1" passed="0">
  <reporter-output>
  </reporter-output>
  <suite name="Suite1" duration-ms="9375" started-at="2011-09-11T15:53:44Z" finished-at="2011-09-11T15:53:54Z">
    <groups>
      <group name="smoke">
        <method signature="com.eliasnogueira.seleniumjenkins.test.ElementosHTML.test()" name="test" class="com.eliasnogueira.seleniumjenkins.test.ElementosHTML"/>
      </group>
    </groups>
    <test name="ElementosHTML" duration-ms="9375" started-at="2011-09-11T15:53:44Z" finished-at="2011-09-11T15:53:54Z">
      <class name="com.eliasnogueira.seleniumjenkins.test.ElementosHTML">
        <test-method status="PASS" signature="setup()" name="setup" is-config="true" duration-ms="5951" started-at="2011-09-11T15:53:44Z" finished-at="2011-09-11T15:53:50Z">
        </test-method>
        <test-method status="FAIL" signature="test()" name="test" duration-ms="3410" started-at="2011-09-11T15:53:50Z" description="Execucao do exemplo de Elementos HTML" finished-at="2011-09-11T15:53:54Z">
          <exception class="org.openqa.selenium.NoSuchElementException">
            <message>
              <![CDATA[Unable to locate element: {"method":"id","selector":"respostaa"}
For documentation on this error, please visit: http://seleniumhq.org/exceptions/no_such_element.html
Build info: version: '2.3.0', revision: '13158', time: '2011-08-01 18:14:01'
System info: os.name: 'Windows 7', os.arch: 'amd64', os.version: '6.1', java.version: '1.6.0_26'
Driver info: driver.version: RemoteWebDriver]]>
            </message>
            <full-stacktrace>
              <![CDATA[org.openqa.selenium.NoSuchElementException: Unable to locate element: {"method":"id","selector":"respostaa"}
For documentation on this error, please visit: http://seleniumhq.org/exceptions/no_such_element.html
Build info: version: '2.3.0', revision: '13158', time: '2011-08-01 18:14:01'
System info: os.name: 'Windows 7', os.arch: 'amd64', os.version: '6.1', java.version: '1.6.0_26'
Driver info: driver.version: RemoteWebDriver
	at sun.reflect.NativeConstructorAccessorImpl.newInstance0(Native Method)
	at sun.reflect.NativeConstructorAccessorImpl.newInstance(NativeConstructorAccessorImpl.java:39)
	at sun.reflect.DelegatingConstructorAccessorImpl.newInstance(DelegatingConstructorAccessorImpl.java:27)
	at java.lang.reflect.Constructor.newInstance(Constructor.java:513)
	at org.openqa.selenium.remote.ErrorHandler.createThrowable(ErrorHandler.java:131)
	at org.openqa.selenium.remote.ErrorHandler.throwIfResponseFailed(ErrorHandler.java:105)
	at org.openqa.selenium.remote.RemoteWebDriver.execute(RemoteWebDriver.java:405)
	at org.openqa.selenium.remote.RemoteWebDriver.findElement(RemoteWebDriver.java:193)
	at org.openqa.selenium.remote.RemoteWebDriver.findElementById(RemoteWebDriver.java:210)
	at org.openqa.selenium.By$ById.findElement(By.java:199)
	at org.openqa.selenium.remote.RemoteWebDriver.findElement(RemoteWebDriver.java:185)
	at com.eliasnogueira.seleniumjenkins.test.ElementosHTML.test(ElementosHTML.java:66)
	at sun.reflect.NativeMethodAccessorImpl.invoke0(Native Method)
	at sun.reflect.NativeMethodAccessorImpl.invoke(NativeMethodAccessorImpl.java:39)
	at sun.reflect.DelegatingMethodAccessorImpl.invoke(DelegatingMethodAccessorImpl.java:25)
	at java.lang.reflect.Method.invoke(Method.java:597)
	at org.testng.internal.MethodInvocationHelper.invokeMethod(MethodInvocationHelper.java:76)
	at org.testng.internal.Invoker.invokeMethod(Invoker.java:673)
	at org.testng.internal.Invoker.invokeTestMethod(Invoker.java:846)
	at org.testng.internal.Invoker.invokeTestMethods(Invoker.java:1170)
	at org.testng.internal.TestMethodWorker.invokeTestMethods(TestMethodWorker.java:125)
	at org.testng.internal.TestMethodWorker.run(TestMethodWorker.java:109)
	at org.testng.TestRunner.runWorkers(TestRunner.java:1147)
	at org.testng.TestRunner.privateRun(TestRunner.java:749)
	at org.testng.TestRunner.run(TestRunner.java:600)
	at org.testng.SuiteRunner.runTest(SuiteRunner.java:317)
	at org.testng.SuiteRunner.runSequentially(SuiteRunner.java:312)
	at org.testng.SuiteRunner.privateRun(SuiteRunner.java:274)
	at org.testng.SuiteRunner.run(SuiteRunner.java:223)
	at org.testng.SuiteRunnerWorker.runSuite(SuiteRunnerWorker.java:52)
	at org.testng.SuiteRunnerWorker.run(SuiteRunnerWorker.java:86)
	at org.testng.TestNG.runSuitesSequentially(TestNG.java:1039)
	at org.testng.TestNG.runSuitesLocally(TestNG.java:964)
	at org.testng.TestNG.run(TestNG.java:900)
	at org.testng.TestNG.privateMain(TestNG.java:1182)
	at org.testng.TestNG.main(TestNG.java:1146)
Caused by: org.openqa.selenium.remote.ErrorHandler$UnknownServerException: Unable to locate element: {"method":"id","selector":"respostaa"}
Build info: version: '2.3.0', revision: '13158', time: '2011-08-01 18:14:01'
System info: os.name: 'Windows 7', os.arch: 'amd64', os.version: '6.1', java.version: '1.6.0_26'
Driver info: driver.version: unknown
	at <anonymous class>.<anonymous method>(file:///C:/Windows/TEMP/anonymous4733339306681696591webdriver-profile/extensions/fxdriver@googlecode.com/components/driver-component.js -> file:///C:/Windows/TEMP/anonymous4733339306681696591webdriver-profile/extensions/fxdriver@googlecode.com/components/firefoxDriver.js:375)
	at <anonymous class>.<anonymous method>(file:///C:/Windows/TEMP/anonymous4733339306681696591webdriver-profile/extensions/fxdriver@googlecode.com/components/driver-component.js -> file:///C:/Windows/TEMP/anonymous4733339306681696591webdriver-profile/extensions/fxdriver@googlecode.com/components/firefoxDriver.js:398)
	at <anonymous class>.<anonymous method>(file:///C:/Windows/TEMP/anonymous4733339306681696591webdriver-profile/extensions/fxdriver@googlecode.com/components/nsCommandProcessor.js:306)
	at <anonymous class>.<anonymous method>(file:///C:/Windows/TEMP/anonymous4733339306681696591webdriver-profile/extensions/fxdriver@googlecode.com/components/nsCommandProcessor.js:320)
	at <anonymous class>.<anonymous method>(file:///C:/Windows/TEMP/anonymous4733339306681696591webdriver-profile/extensions/fxdriver@googlecode.com/components/nsCommandProcessor.js:197)
]]>
            </full-stacktrace>
          </exception>
        </test-method>
        <test-method status="PASS" signature="tearDown()" name="tearDown" is-config="true" duration-ms="5" started-at="2011-09-11T15:53:54Z" finished-at="2011-09-11T15:53:54Z">
        </test-method>
      </class>
    </test>
  </suite>
</testng-results>
