<html>
<head>
<title>TestNG:  ElementosHTML</title>
<link href="../testng.css" rel="stylesheet" type="text/css" />
<link href="../my-testng.css" rel="stylesheet" type="text/css" />

<style type="text/css">
.log { display: none;} 
.stack-trace { display: none;} 
</style>
<script type="text/javascript">
<!--
function flip(e) {
  current = e.style.display;
  if (current == 'block') {
    e.style.display = 'none';
    return 0;
  }
  else {
    e.style.display = 'block';
    return 1;
  }
}

function toggleBox(szDivId, elem, msg1, msg2)
{
  var res = -1;  if (document.getElementById) {
    res = flip(document.getElementById(szDivId));
  }
  else if (document.all) {
    // this is the way old msie versions work
    res = flip(document.all[szDivId]);
  }
  if(elem) {
    if(res == 0) elem.innerHTML = msg1; else elem.innerHTML = msg2;
  }

}

function toggleAllBoxes() {
  if (document.getElementsByTagName) {
    d = document.getElementsByTagName('div');
    for (i = 0; i < d.length; i++) {
      if (d[i].className == 'log') {
        flip(d[i]);
      }
    }
  }
}

// -->
</script>

</head>
<body>
<h2 align='center'>ElementosHTML</h2><table border='1' align="center">
<tr>
<td>Tests passed/Failed/Skipped:</td><td>0/1/0</td>
</tr><tr>
<td>Started on:</td><td>Sun Sep 11 15:53:44 GFT 2011</td>
</tr>
<tr><td>Total time:</td><td>9 seconds (9375 ms)</td>
</tr><tr>
<td>Included groups:</td><td></td>
</tr><tr>
<td>Excluded groups:</td><td></td>
</tr>
</table><p/>
<small><i>(Hover the method name to see the test class name)</i></small><p/>
<table width='100%' border='1' class='invocation-failed'>
<tr><td colspan='4' align='center'><b>FAILED TESTS</b></td></tr>
<tr><td><b>Test method</b></td>
<td width="30%"><b>Exception</b></td>
<td width="10%"><b>Time (seconds)</b></td>
<td><b>Instance</b></td>
</tr>
<tr>
<td title='com.eliasnogueira.seleniumjenkins.test.ElementosHTML.test()'><b>test</b><br>Test class: com.eliasnogueira.seleniumjenkins.test.ElementosHTML<br>Test method: Execucao do exemplo de Elementos HTML</td>
<td><div><pre>org.openqa.selenium.NoSuchElementException: Unable to locate element: {&quot;method&quot;:&quot;id&quot;,&quot;selector&quot;:&quot;respostaa&quot;}
For documentation on this error, please visit: http://seleniumhq.org/exceptions/no_such_element.html
Build info: version: &apos;2.3.0&apos;, revision: &apos;13158&apos;, time: &apos;2011-08-01 18:14:01&apos;
System info: os.name: &apos;Windows 7&apos;, os.arch: &apos;amd64&apos;, os.version: &apos;6.1&apos;, java.version: &apos;1.6.0_26&apos;
Driver info: driver.version: RemoteWebDriver
	at org.openqa.selenium.remote.ErrorHandler.createThrowable(ErrorHandler.java:131)
	at org.openqa.selenium.remote.ErrorHandler.throwIfResponseFailed(ErrorHandler.java:105)
	at org.openqa.selenium.remote.RemoteWebDriver.execute(RemoteWebDriver.java:405)
	at org.openqa.selenium.remote.RemoteWebDriver.findElement(RemoteWebDriver.java:193)
	at org.openqa.selenium.remote.RemoteWebDriver.findElementById(RemoteWebDriver.java:210)
	at org.openqa.selenium.By$ById.findElement(By.java:199)
	at org.openqa.selenium.remote.RemoteWebDriver.findElement(RemoteWebDriver.java:185)
	at com.eliasnogueira.seleniumjenkins.test.ElementosHTML.test(ElementosHTML.java:66)
Caused by: org.openqa.selenium.remote.ErrorHandler$UnknownServerException: Unable to locate element: {&quot;method&quot;:&quot;id&quot;,&quot;selector&quot;:&quot;respostaa&quot;}
Build info: version: &apos;2.3.0&apos;, revision: &apos;13158&apos;, time: &apos;2011-08-01 18:14:01&apos;
System info: os.name: &apos;Windows 7&apos;, os.arch: &apos;amd64&apos;, os.version: &apos;6.1&apos;, java.version: &apos;1.6.0_26&apos;
Driver info: driver.version: unknown
	at &lt;anonymous class&gt;.&lt;anonymous method&gt;(file:///C:/Windows/TEMP/anonymous4733339306681696591webdriver-profile/extensions/fxdriver@googlecode.com/components/driver-component.js -&gt; file:///C:/Windows/TEMP/anonymous4733339306681696591webdriver-profile/extensions/fxdriver@googlecode.com/components/firefoxDriver.js:375)
	at &lt;anonymous class&gt;.&lt;anonymous method&gt;(file:///C:/Windows/TEMP/anonymous4733339306681696591webdriver-profile/extensions/fxdriver@googlecode.com/components/driver-component.js -&gt; file:///C:/Windows/TEMP/anonymous4733339306681696591webdriver-profile/extensions/fxdriver@googlecode.com/components/firefoxDriver.js:398)
	at &lt;anonymous class&gt;.&lt;anonymous method&gt;(file:///C:/Windows/TEMP/anonymous4733339306681696591webdriver-profile/extensions/fxdriver@googlecode.com/components/nsCommandProcessor.js:306)
	at &lt;anonymous class&gt;.&lt;anonymous method&gt;(file:///C:/Windows/TEMP/anonymous4733339306681696591webdriver-profile/extensions/fxdriver@googlecode.com/components/nsCommandProcessor.js:320)
	at &lt;anonymous class&gt;.&lt;anonymous method&gt;(file:///C:/Windows/TEMP/anonymous4733339306681696591webdriver-profile/extensions/fxdriver@googlecode.com/components/nsCommandProcessor.js:197)
... Removed 28 stack frames</pre></div><a href='#' onClick='toggleBox("stack-trace1170339250", this, "Click to show all stack frames", "Click to hide stack frames")'>Click to show all stack frames</a>
<div class='stack-trace' id='stack-trace1170339250'><pre>org.openqa.selenium.NoSuchElementException: Unable to locate element: {"method":"id","selector":"respostaa"}
For documentation on this error, please visit: http://seleniumhq.org/exceptions/no_such_element.html
Build info: version: '2.3.0', revision: '13158', time: '2011-08-01 18:14:01'
System info: os.name: 'Windows 7', os.arch: 'amd64', os.version: '6.1', java.version: '1.6.0_26'
Driver info: driver.version: RemoteWebDriver
	at sun.reflect.NativeConstructorAccessorImpl.newInstance0(Native Method)
	at sun.reflect.NativeConstructorAccessorImpl.newInstance(NativeConstructorAccessorImpl.java:39)
	at sun.reflect.DelegatingConstructorAccessorImpl.newInstance(DelegatingConstructorAccessorImpl.java:27)
	at java.lang.reflect.Constructor.newInstance(Constructor.java:513)
	at org.openqa.selenium.remote.ErrorHandler.createThrowable(ErrorHandler.java:131)
	at org.openqa.selenium.remote.ErrorHandler.throwIfResponseFailed(ErrorHandler.java:105)
	at org.openqa.selenium.remote.RemoteWebDriver.execute(RemoteWebDriver.java:405)
	at org.openqa.selenium.remote.RemoteWebDriver.findElement(RemoteWebDriver.java:193)
	at org.openqa.selenium.remote.RemoteWebDriver.findElementById(RemoteWebDriver.java:210)
	at org.openqa.selenium.By$ById.findElement(By.java:199)
	at org.openqa.selenium.remote.RemoteWebDriver.findElement(RemoteWebDriver.java:185)
	at com.eliasnogueira.seleniumjenkins.test.ElementosHTML.test(ElementosHTML.java:66)
	at sun.reflect.NativeMethodAccessorImpl.invoke0(Native Method)
	at sun.reflect.NativeMethodAccessorImpl.invoke(NativeMethodAccessorImpl.java:39)
	at sun.reflect.DelegatingMethodAccessorImpl.invoke(DelegatingMethodAccessorImpl.java:25)
	at java.lang.reflect.Method.invoke(Method.java:597)
	at org.testng.internal.MethodInvocationHelper.invokeMethod(MethodInvocationHelper.java:76)
	at org.testng.internal.Invoker.invokeMethod(Invoker.java:673)
	at org.testng.internal.Invoker.invokeTestMethod(Invoker.java:846)
	at org.testng.internal.Invoker.invokeTestMethods(Invoker.java:1170)
	at org.testng.internal.TestMethodWorker.invokeTestMethods(TestMethodWorker.java:125)
	at org.testng.internal.TestMethodWorker.run(TestMethodWorker.java:109)
	at org.testng.TestRunner.runWorkers(TestRunner.java:1147)
	at org.testng.TestRunner.privateRun(TestRunner.java:749)
	at org.testng.TestRunner.run(TestRunner.java:600)
	at org.testng.SuiteRunner.runTest(SuiteRunner.java:317)
	at org.testng.SuiteRunner.runSequentially(SuiteRunner.java:312)
	at org.testng.SuiteRunner.privateRun(SuiteRunner.java:274)
	at org.testng.SuiteRunner.run(SuiteRunner.java:223)
	at org.testng.SuiteRunnerWorker.runSuite(SuiteRunnerWorker.java:52)
	at org.testng.SuiteRunnerWorker.run(SuiteRunnerWorker.java:86)
	at org.testng.TestNG.runSuitesSequentially(TestNG.java:1039)
	at org.testng.TestNG.runSuitesLocally(TestNG.java:964)
	at org.testng.TestNG.run(TestNG.java:900)
	at org.testng.TestNG.privateMain(TestNG.java:1182)
	at org.testng.TestNG.main(TestNG.java:1146)
Caused by: org.openqa.selenium.remote.ErrorHandler$UnknownServerException: Unable to locate element: {"method":"id","selector":"respostaa"}
Build info: version: '2.3.0', revision: '13158', time: '2011-08-01 18:14:01'
System info: os.name: 'Windows 7', os.arch: 'amd64', os.version: '6.1', java.version: '1.6.0_26'
Driver info: driver.version: unknown
	at &lt;anonymous class&gt;.&lt;anonymous method&gt;(file:///C:/Windows/TEMP/anonymous4733339306681696591webdriver-profile/extensions/fxdriver@googlecode.com/components/driver-component.js -&gt; file:///C:/Windows/TEMP/anonymous4733339306681696591webdriver-profile/extensions/fxdriver@googlecode.com/components/firefoxDriver.js:375)
	at &lt;anonymous class&gt;.&lt;anonymous method&gt;(file:///C:/Windows/TEMP/anonymous4733339306681696591webdriver-profile/extensions/fxdriver@googlecode.com/components/driver-component.js -&gt; file:///C:/Windows/TEMP/anonymous4733339306681696591webdriver-profile/extensions/fxdriver@googlecode.com/components/firefoxDriver.js:398)
	at &lt;anonymous class&gt;.&lt;anonymous method&gt;(file:///C:/Windows/TEMP/anonymous4733339306681696591webdriver-profile/extensions/fxdriver@googlecode.com/components/nsCommandProcessor.js:306)
	at &lt;anonymous class&gt;.&lt;anonymous method&gt;(file:///C:/Windows/TEMP/anonymous4733339306681696591webdriver-profile/extensions/fxdriver@googlecode.com/components/nsCommandProcessor.js:320)
	at &lt;anonymous class&gt;.&lt;anonymous method&gt;(file:///C:/Windows/TEMP/anonymous4733339306681696591webdriver-profile/extensions/fxdriver@googlecode.com/components/nsCommandProcessor.js:197)
</pre></div></td>
<td>3</td>
<td>com.eliasnogueira.seleniumjenkins.test.ElementosHTML@a761fe</td></tr>
</table><p>
</body>
</html>